<?xml version="1.0" encoding="UTF-8"?>
<!-- Generated by org.testng.reporters.JUnitReportReporter -->
<testsuite hostname="LAPTOP-57SMI8VN" failures="0" tests="2" name="com.orangehrm.testcases.Addusertest" time="54.287" errors="0" timestamp="2021-07-14T18:17:08 IST" skipped="0">
  <testcase classname="com.orangehrm.testcases.Addusertest" name="addnewusertest" time="27.244"/>
  <system-out/>
  <testcase classname="com.orangehrm.testcases.Addusertest" name="addnewusertest" time="27.043"/>
  <system-out/>
</testsuite> <!-- com.orangehrm.testcases.Addusertest -->
